<?xml version="1.0" encoding="UTF-8"?>
<!-- Generated by org.testng.reporters.JUnitXMLReporter -->
<testsuite ignored="4" hostname="USER" failures="0" tests="2" name="TestRunner1" time="482.96" errors="0" timestamp="2023-02-27T16:30:48 IST">
  <testcase classname="campaign.CreateCampaignTest" name="CreateCampaignTest" time="161.281"/>
  <testcase classname="campaign.CreateCampaignWithProductTest" name="CreateCampaignWithProductTest" time="86.02"/>
  <testcase classname="generic_utilities.BaseClass" name="@BeforeSuite BS" time="0.0">
    <ignored/>
  </testcase> <!-- @BeforeSuite BS -->
  <testcase classname="generic_utilities.BaseClass" name="@BeforeTest BT" time="0.0">
    <ignored/>
  </testcase> <!-- @BeforeTest BT -->
  <testcase classname="generic_utilities.BaseClass" name="@AfterSuite AS" time="0.0">
    <ignored/>
  </testcase> <!-- @AfterSuite AS -->
  <testcase classname="generic_utilities.BaseClass" name="@AfterTest AT" time="0.0">
    <ignored/>
  </testcase> <!-- @AfterTest AT -->
</testsuite> <!-- TestRunner1 -->
